{
  "RSpec": {
    "coverage": {
      "/home/mark/Ubuntu One/Epicodus/scavenger/config/environment.rb": [
        null,
        1,
        null,
        null,
        1
      ],
      "/home/mark/Ubuntu One/Epicodus/scavenger/config/application.rb": [
        1,
        null,
        1,
        null,
        null,
        null,
        1,
        null,
        1,
        1,
        null,
        null,
        null,
        null,
        null,
        null,
        null,
        null,
        null,
        null,
        null,
        null,
        null
      ],
      "/home/mark/Ubuntu One/Epicodus/scavenger/config/boot.rb": [
        null,
        1,
        null,
        1
      ],
      "/home/mark/Ubuntu One/Epicodus/scavenger/config/environments/test.rb": [
        1,
        null,
        null,
        null,
        null,
        null,
        null,
        1,
        null,
        null,
        null,
        null,
        1,
        null,
        null,
        1,
        1,
        null,
        null,
        1,
        1,
        null,
        null,
        1,
        null,
        null,
        1,
        null,
        null,
        null,
        null,
        1,
        1,
        null,
        null,
        null,
        1,
        null
      ],
      "/home/mark/Ubuntu One/Epicodus/scavenger/config/initializers/backtrace_silencers.rb": [
        null,
        null,
        null,
        null,
        null,
        null,
        null
      ],
      "/home/mark/Ubuntu One/Epicodus/scavenger/config/initializers/devise.rb": [
        null,
        null,
        1,
        null,
        null,
        null,
        null,
        null,
        null,
        null,
        null,
        null,
        1,
        null,
        null,
        null,
        null,
        null,
        null,
        null,
        null,
        1,
        null,
        null,
        null,
        null,
        null,
        null,
        null,
        null,
        null,
        null,
        null,
        null,
        null,
        null,
        null,
        null,
        null,
        null,
        null,
        null,
        null,
        1,
        null,
        null,
        null,
        null,
        1,
        null,
        null,
        null,
        null,
        null,
        null,
        null,
        null,
        null,
        null,
        null,
        null,
        null,
        null,
        null,
        null,
        null,
        null,
        null,
        null,
        null,
        null,
        null,
        null,
        null,
        null,
        null,
        null,
        null,
        null,
        1,
        null,
        null,
        null,
        null,
        null,
        null,
        null,
        null,
        null,
        null,
        null,
        null,
        null,
        null,
        null,
        null,
        1,
        null,
        null,
        null,
        null,
        null,
        null,
        null,
        null,
        null,
        null,
        null,
        null,
        null,
        null,
        null,
        null,
        null,
        null,
        null,
        null,
        null,
        null,
        null,
        null,
        1,
        null,
        null,
        null,
        null,
        null,
        null,
        null,
        null,
        null,
        null,
        null,
        null,
        null,
        null,
        null,
        null,
        null,
        1,
        null,
        null,
        null,
        null,
        null,
        null,
        null,
        null,
        null,
        null,
        null,
        null,
        null,
        null,
        null,
        null,
        null,
        null,
        null,
        null,
        null,
        null,
        null,
        null,
        null,
        null,
        null,
        null,
        null,
        null,
        null,
        null,
        null,
        null,
        null,
        null,
        null,
        null,
        null,
        null,
        null,
        null,
        null,
        null,
        null,
        null,
        null,
        null,
        1,
        null,
        null,
        null,
        null,
        null,
        null,
        null,
        null,
        null,
        null,
        null,
        null,
        null,
        null,
        null,
        null,
        null,
        null,
        null,
        null,
        null,
        null,
        null,
        null,
        null,
        null,
        null,
        null,
        null,
        null,
        null,
        null,
        null,
        null,
        null,
        null,
        null,
        1,
        null,
        null,
        null,
        null,
        null,
        null,
        null,
        null,
        null,
        null,
        null,
        null,
        null,
        null,
        null,
        null,
        null,
        null,
        null,
        null,
        null,
        null,
        null,
        null,
        null,
        null,
        null,
        null,
        1,
        1,
        null
      ],
      "/home/mark/Ubuntu One/Epicodus/scavenger/config/initializers/filter_parameter_logging.rb": [
        null,
        null,
        null,
        1
      ],
      "/home/mark/Ubuntu One/Epicodus/scavenger/config/initializers/inflections.rb": [
        null,
        null,
        null,
        null,
        null,
        null,
        null,
        null,
        null,
        null,
        null,
        null,
        null,
        null,
        null,
        null
      ],
      "/home/mark/Ubuntu One/Epicodus/scavenger/config/initializers/mime_types.rb": [
        null,
        null,
        null,
        null,
        null
      ],
      "/home/mark/Ubuntu One/Epicodus/scavenger/config/initializers/secret_token.rb": [
        null,
        null,
        null,
        null,
        null,
        null,
        null,
        null,
        null,
        null,
        null,
        1
      ],
      "/home/mark/Ubuntu One/Epicodus/scavenger/config/initializers/session_store.rb": [
        null,
        null,
        1
      ],
      "/home/mark/Ubuntu One/Epicodus/scavenger/config/initializers/wrap_parameters.rb": [
        null,
        null,
        null,
        null,
        null,
        null,
        1,
        1,
        null,
        null,
        null,
        null,
        null,
        null
      ],
      "/home/mark/Ubuntu One/Epicodus/scavenger/spec/factories/completed_crawls.rb": [
        null,
        null,
        1,
        1,
        1,
        1,
        null,
        null
      ],
      "/home/mark/Ubuntu One/Epicodus/scavenger/spec/factories/crawl_places.rb": [
        null,
        null,
        1,
        1,
        1,
        1,
        null,
        null
      ],
      "/home/mark/Ubuntu One/Epicodus/scavenger/spec/factories/crawls.rb": [
        null,
        null,
        1,
        1,
        1,
        1,
        null,
        null
      ],
      "/home/mark/Ubuntu One/Epicodus/scavenger/spec/factories/places.rb": [
        null,
        null,
        1,
        1,
        1,
        1,
        1,
        1,
        1,
        null,
        null
      ],
      "/home/mark/Ubuntu One/Epicodus/scavenger/spec/factories/reports.rb": [
        null,
        null,
        1,
        1,
        1,
        null,
        null
      ],
      "/home/mark/Ubuntu One/Epicodus/scavenger/spec/factories/users.rb": [
        null,
        null,
        1,
        1,
        1,
        1,
        1,
        1,
        1,
        null,
        null
      ],
      "/home/mark/Ubuntu One/Epicodus/scavenger/config/routes.rb": [
        1,
        1,
        1,
        1,
        1,
        1,
        1,
        1,
        1,
        null
      ],
      "/home/mark/Ubuntu One/Epicodus/scavenger/app/models/user.rb": [
        1,
        null,
        null,
        1,
        null,
        null,
        1,
        1,
        1,
        1,
        1,
        1,
        null,
        1,
        0,
        0,
        0,
        0,
        null,
        0,
        0,
        0,
        null,
        0,
        null,
        null,
        null,
        null,
        null,
        0,
        null,
        0,
        0,
        null,
        null,
        null,
        null,
        1,
        0,
        0,
        null,
        0,
        null,
        null,
        null,
        1,
        3,
        null,
        null
      ],
      "/home/mark/Ubuntu One/Epicodus/scavenger/app/helpers/application_helper.rb": [
        1,
        null,
        null
      ],
      "/home/mark/Ubuntu One/Epicodus/scavenger/spec/support/integration_spec_helper.rb": [
        1,
        1,
        0,
        null,
        null
      ],
      "/home/mark/Ubuntu One/Epicodus/scavenger/spec/support/utilities.rb": [
        1,
        2,
        2,
        2,
        2,
        2,
        2,
        2,
        2,
        2,
        null,
        null,
        1,
        1,
        1,
        1,
        1,
        1,
        1,
        null
      ],
      "/home/mark/Ubuntu One/Epicodus/scavenger/app/models/crawl.rb": [
        1,
        1,
        1,
        1,
        1,
        1,
        1,
        null
      ],
      "/home/mark/Ubuntu One/Epicodus/scavenger/spec/features/user_pages_spec.rb": [
        1,
        null,
        1,
        1,
        2,
        null,
        null,
        1,
        1,
        1,
        1,
        null,
        null,
        1,
        1,
        1,
        1,
        1,
        1,
        null,
        null,
        null,
        null,
        null,
        null,
        null,
        null,
        null,
        null,
        null
      ],
      "/home/mark/Ubuntu One/Epicodus/scavenger/spec/models/completed_crawl_spec.rb": [
        1,
        null,
        1,
        2,
        2,
        null,
        1,
        1,
        2,
        2,
        2,
        2,
        2,
        null,
        1,
        1,
        1,
        null,
        1,
        1,
        1,
        null,
        null,
        null
      ],
      "/home/mark/Ubuntu One/Epicodus/scavenger/app/models/completed_crawl.rb": [
        1,
        1,
        1,
        null,
        1,
        2,
        null,
        null
      ],
      "/home/mark/Ubuntu One/Epicodus/scavenger/spec/models/crawl_place_spec.rb": [
        1,
        null,
        1,
        2,
        2,
        null
      ],
      "/home/mark/Ubuntu One/Epicodus/scavenger/app/models/crawl_place.rb": [
        1,
        1,
        1,
        null
      ],
      "/home/mark/Ubuntu One/Epicodus/scavenger/spec/models/crawl_spec.rb": [
        1,
        null,
        1,
        2,
        2,
        2,
        2,
        2,
        2,
        2,
        2,
        null
      ],
      "/home/mark/Ubuntu One/Epicodus/scavenger/spec/models/place_spec.rb": [
        1,
        null,
        1,
        2,
        2,
        2,
        2,
        2,
        null
      ],
      "/home/mark/Ubuntu One/Epicodus/scavenger/app/models/place.rb": [
        1,
        1,
        1,
        1,
        1,
        1,
        null,
        1,
        1,
        null
      ],
      "/home/mark/Ubuntu One/Epicodus/scavenger/spec/models/report_spec.rb": [
        1,
        null,
        1,
        2,
        2,
        2,
        2,
        null,
        1,
        1,
        1,
        1,
        1,
        1,
        1,
        1,
        null,
        1,
        1,
        1,
        1,
        1,
        1,
        1,
        1,
        1,
        1,
        null,
        null
      ],
      "/home/mark/Ubuntu One/Epicodus/scavenger/app/models/report.rb": [
        1,
        1,
        1,
        1,
        1,
        1,
        null,
        1,
        2,
        2,
        null,
        null
      ],
      "/home/mark/Ubuntu One/Epicodus/scavenger/spec/models/user_spec.rb": [
        1,
        null,
        1,
        2,
        2,
        2,
        2,
        2,
        2,
        2,
        2,
        2,
        null,
        1,
        1,
        2,
        null,
        1,
        1,
        1,
        null,
        1,
        1,
        1,
        null,
        null,
        null
      ],
      "/home/mark/Ubuntu One/Epicodus/scavenger/app/controllers/pages_controller.rb": [
        1,
        null,
        1,
        5,
        5,
        null,
        null
      ],
      "/home/mark/Ubuntu One/Epicodus/scavenger/app/controllers/application_controller.rb": [
        1,
        null,
        null,
        1,
        null,
        1,
        null,
        1,
        null,
        1,
        9,
        6,
        null,
        null
      ],
      "/home/mark/Ubuntu One/Epicodus/scavenger/app/mailers/report_mailer.rb": [
        1,
        1,
        null,
        1,
        2,
        2,
        null,
        1,
        2,
        2,
        2,
        null,
        null,
        null
      ],
      "/home/mark/Ubuntu One/Epicodus/scavenger/app/controllers/crawls_controller.rb": [
        1,
        1,
        1,
        1,
        null,
        null,
        1,
        1,
        1,
        1,
        null,
        0,
        null,
        null,
        null,
        1,
        0,
        null,
        null,
        1,
        0,
        0,
        0,
        null,
        0,
        null,
        0,
        0,
        0,
        0,
        0,
        null,
        null,
        null,
        1,
        0,
        null,
        null,
        1,
        0,
        0,
        0,
        null,
        0,
        null,
        null,
        null,
        1,
        0,
        0,
        0,
        null,
        null,
        1,
        null,
        1,
        1,
        null,
        null,
        null
      ],
      "/home/mark/Ubuntu One/Epicodus/scavenger/app/controllers/users_controller.rb": [
        1,
        1,
        1,
        1,
        null,
        null
      ]
    },
    "timestamp": 1400738398
  }
}
